ARG=i
ARG=d
ARG=o
ARG=v
INITIAL PASS 
expected target length = source length * 1.06118
ITERATION 1
  log_e likelihood: -4662.73
  log_2 likelihood: -6726.9
     cross entropy: 29.8974
        perplexity: 1e+09
      posterior p0: 0.08
 posterior al-feat: -0.168313
       size counts: 10
ITERATION 2
  log_e likelihood: -1879.8
  log_2 likelihood: -2711.98
     cross entropy: 12.0532
        perplexity: 4249.94
      posterior p0: 0.145843
 posterior al-feat: -0.0972798
       size counts: 10
  1  model al-feat: -0.173455 (tension=4)
  2  model al-feat: -0.14034 (tension=5.52351)
  3  model al-feat: -0.12604 (tension=6.38472)
  4  model al-feat: -0.117864 (tension=6.95991)
  5  model al-feat: -0.112585 (tension=7.37159)
  6  model al-feat: -0.108936 (tension=7.6777)
  7  model al-feat: -0.106302 (tension=7.91082)
  8  model al-feat: -0.104343 (tension=8.09125)
     final tension: 8.23252
ITERATION 3
  log_e likelihood: -917.543
  log_2 likelihood: -1323.74
     cross entropy: 5.88327
        perplexity: 59.0256
      posterior p0: 0.131021
 posterior al-feat: -0.0756182
       size counts: 10
  1  model al-feat: -0.102857 (tension=8.23252)
  2  model al-feat: -0.0974823 (tension=8.7773)
  3  model al-feat: -0.0935409 (tension=9.21458)
  4  model al-feat: -0.090531 (tension=9.57303)
  5  model al-feat: -0.0881651 (tension=9.87129)
  6  model al-feat: -0.0862651 (tension=10.1222)
  7  model al-feat: -0.0847139 (tension=10.3352)
  8  model al-feat: -0.0834308 (tension=10.5171)
     final tension: 10.6733
ITERATION 4
  log_e likelihood: -803.961
  log_2 likelihood: -1159.87
     cross entropy: 5.15498
        perplexity: 35.629
      posterior p0: 0.126631
 posterior al-feat: -0.0711366
       size counts: 10
  1  model al-feat: -0.0823585 (tension=10.6733)
  2  model al-feat: -0.0808642 (tension=10.8978)
  3  model al-feat: -0.0796109 (tension=11.0923)
  4  model al-feat: -0.0785495 (tension=11.2618)
  5  model al-feat: -0.0776434 (tension=11.4101)
  6  model al-feat: -0.0768646 (tension=11.5402)
  7  model al-feat: -0.0761916 (tension=11.6548)
  8  model al-feat: -0.0756072 (tension=11.7559)
     final tension: 11.8453
ITERATION 5 (FINAL)
  log_e likelihood: -774.904
  log_2 likelihood: -1117.95
     cross entropy: 4.96867
        perplexity: 31.3125
      posterior p0: 0
 posterior al-feat: 0
       size counts: 10
ARG=i
ARG=d
ARG=o
ARG=v
ARG=r
INITIAL PASS 
expected target length = source length * 0.97053
ITERATION 1
  log_e likelihood: -4704.18
  log_2 likelihood: -6786.7
     cross entropy: 29.8974
        perplexity: 1e+09
      posterior p0: 0.08
 posterior al-feat: -0.168259
       size counts: 10
ITERATION 2
  log_e likelihood: -1944.73
  log_2 likelihood: -2805.65
     cross entropy: 12.3597
        perplexity: 5255.81
      posterior p0: 0.129439
 posterior al-feat: -0.0992626
       size counts: 10
  1  model al-feat: -0.171447 (tension=4)
  2  model al-feat: -0.140458 (tension=5.44369)
  3  model al-feat: -0.126699 (tension=6.2676)
  4  model al-feat: -0.118791 (tension=6.81633)
  5  model al-feat: -0.113687 (tension=7.2069)
  6  model al-feat: -0.110168 (tension=7.49539)
  7  model al-feat: -0.107639 (tension=7.71351)
  8  model al-feat: -0.105769 (tension=7.88104)
     final tension: 8.01116
ITERATION 3
  log_e likelihood: -944.475
  log_2 likelihood: -1362.59
     cross entropy: 6.0026
        perplexity: 64.1152
      posterior p0: 0.105043
 posterior al-feat: -0.0766769
       size counts: 10
  1  model al-feat: -0.104357 (tension=8.01116)
  2  model al-feat: -0.098728 (tension=8.56476)
  3  model al-feat: -0.0946395 (tension=9.00578)
  4  model al-feat: -0.0915404 (tension=9.36503)
  5  model al-feat: -0.0891193 (tension=9.6623)
  6  model al-feat: -0.0871852 (tension=9.91115)
  7  model al-feat: -0.0856137 (tension=10.1213)
  8  model al-feat: -0.0843196 (tension=10.3001)
     final tension: 10.4529
ITERATION 4
  log_e likelihood: -796.701
  log_2 likelihood: -1149.4
     cross entropy: 5.06342
        perplexity: 33.4381
      posterior p0: 0.0998843
 posterior al-feat: -0.0705454
       size counts: 10
  1  model al-feat: -0.0832425 (tension=10.4529)
  2  model al-feat: -0.0815107 (tension=10.7068)
  3  model al-feat: -0.0800704 (tension=10.9262)
  4  model al-feat: -0.0788588 (tension=11.1167)
  5  model al-feat: -0.0778301 (tension=11.2829)
  6  model al-feat: -0.0769499 (tension=11.4286)
  7  model al-feat: -0.0761919 (tension=11.5567)
  8  model al-feat: -0.0755356 (tension=11.6696)
     final tension: 11.7694
ITERATION 5 (FINAL)
  log_e likelihood: -761.855
  log_2 likelihood: -1099.12
     cross entropy: 4.84196
        perplexity: 28.6797
      posterior p0: 0
 posterior al-feat: 0
       size counts: 10
0-0 1-1 1-2 2-3 2-4 3-5
0-0 0-2 1-1 2-2 3-2 3-3 4-5 5-4 5-6 6-3 6-7 6-8 7-7 8-7 9-7 10-7 11-7 12-12 13-11 13-12 14-10 15-19 16-13 17-15 19-16 22-17 23-18 24-20 25-22 29-25 30-26 31-24 31-25 31-27 31-28 32-28 34-29 35-30 36-31 37-32
0-0 1-1 2-1 3-2 5-2 6-6 7-4 7-5 7-7 7-8 8-6 9-10 13-9 16-22 17-19 19-20 22-21 24-24 25-24 26-24 27-25 28-30 29-29 29-30 30-30 31-30 31-31 33-32 34-33 35-34 36-35
0-2 1-0 1-1 2-4 4-3 5-5 6-9 7-8 8-14 9-10 10-11 12-12 15-16 16-13 17-17 19-18 20-20 21-19 21-21 22-22
0-0 1-3 1-4 1-5 2-4 3-1 6-8 8-17 9-17 10-18 11-20 12-6 13-13 17-11 18-17 19-15 19-16 21-19 22-19 23-23 27-22 28-27 29-27 30-25 30-26 30-28 31-28 31-29 32-27 33-27 34-30 35-31 36-32 36-33 37-35 38-35 39-34 39-35 40-36 40-37 40-38 40-39 41-38 42-39 43-40
0-0 1-1 1-2 1-3 2-3 3-4 3-5 4-4 5-6 5-8 6-9 7-10 7-11 8-11 9-12 9-13 10-14 11-15
0-0 1-1 2-2 3-3 4-3 5-5 6-6 7-7 7-8 8-8 9-9 9-10 10-11 11-12
0-0 1-1 2-2 3-3 4-3 5-4 6-5 7-6 8-7
0-0 1-1 2-2 3-3 4-3 4-4 6-6 7-5 8-7 9-10 10-9 11-10 12-11 13-12 14-13 15-14 16-15 17-15 18-16 19-17 20-18 21-19 22-20
0-0 1-1 1-2 2-2 3-3 4-5 5-5 6-7 7-8 8-9 9-10 10-11 11-13 12-14 13-12 13-17 14-15 14-16 15-16 16-18 16-19 17-23 18-20 19-21 20-22 21-26 22-26 23-25 23-26 24-27
total: 11
valid: 10 (90.9090909090909%)
errors: 0 (0.0%)
error: pr != n
error: pr != n
error: pr != det
error: pr != n
error: pr != adj
error: pr != prn
error: pr != adv
error: pr != vblex
error: pr != n
error: pr != predet
error: tl word unknown *behalf<>
error: pr != guio
error: pr != n
error: pr != adj
error: pr != n
error: pr != vblex
error: pr != n
error: pr != adv
error: pr != vblex
error: pr != vblex
error: pr != apos
error: pr != vaux
error: n != det
error: det != n
error: det != prn
error: tl word unknown *Kumar<>
error: det != n
error: tl word unknown *illennium<>
error: det != vbser
error: det != vblex
error: det != vblex
error: det != num
error: det != n
error: det != num
error: det != n
error: det != adv
error: det != vblex
error: tl word unknown *resumed<>
error: cm != pr
error: cm != vblex
error: cm != det
error: cm != cnjcoo
error: cm != n
error: cm != pr
error: cm != prn
error: cm != vblex
error: n != adv
error: vblex != adj
error: det != n
error: det != adj
error: cnjsub != rel
error: vbhaver != prn
error: det != adj
error: sent != adv
error: sent != n
error: predet != cnjadv
error: vbhaver != prn
error: vbhaver != cnjsub
error: adj != adv
error: adv != vbser
error: det != n
error: det != vblex
error: pr != det
error: adj != n
error: n != adj
error: pr != det
error: det != n
error: pr != adv
error: rel != vblex
error: rel != vaux
error: cnjsub != cm
error: tl word unknown *s<>
error: n != apos
error: det != pr
error: vblex != n
error: prn != n
error: pr != cm
error: prn != adv
error: vblex != pr
error: n != vblex
error: tl word unknown *Madam<>
error: det != pr
error: vblex != prn
error: prn != vaux
error: pr != vbser
error: det != n
error: det != pr
error: det != adj
error: n != adj
error: prn != adv
error: vblex != vbser
error: adv != preadv
error: adv != vblex
error: vblex != adv
error: vbhaver != vbser
error: vbser != n
error: tl word unknown *Ponnambalam<>
error: rel != vblex
error: n != adv
error: vblex != det
