rm: cannot remove 'tmp.*': No such file or directory
Traceback (most recent call last):
  File "/home/vivek/Documents/FOSS/apertium/apertium-lex-tools/scripts/merge-ngrams-lambdas.py", line 25, in <module>
    ngid = int(row[0].strip());
ValueError: invalid literal for int() with base 10: 'Traceback (most recent call last):'
^move<vblex><pp>$ 0 ^aumentar<vblex><ifi><p3><sg>$
^mark<n><sg>$ 0 ^índice<n><m><sg>$
^for<pr>$ 0 ^para<pr>$
^policy<n><sg>$ 0 ^política<n><f><sg>$
^printing<n><sg>$ 0 ^administración<n><f><sg>$
^argue<vblex><inf>$ 0 ^decir<vblex><inf>$
^bug<n><pl>$ 0 ^analista<n><mf><pl>$
^as<cnjadv>$ 0 ^mientras<cnjadv>$
^make<vblex><inf>$ 0 ^fabricar<vblex><inf>$
^argue<vblex><pp>$ 0 ^decir<vblex><pp><m><sg>$
^Latin America<np><loc><sg>$ 0 ^Asia<np><loc><f><sg>$
^appeal<n><sg>$ 0 ^atractivo<n><m><sg>$
^rate<n><pl>$ 0 ^tasa<n><f><pl>$
^short<adj><sint>$ 0 ^corto<adj><m><sg>$
^bank<n><sg>$ 0 ^banco<n><m><sg>$
^union<n><sg>$ 0 ^duda<n><f><sg>$
^take<vblex><past>$ 0 ^llevar# a cabo<vblex><ifi><p3><sg>$
^work<vblex><past>$ 0 ^colaborar<vblex><ifi><p3><sg>$
^capital<n><sg>$ 0 ^bien<n><m><pl>$
^area<n><pl>$ 0 ^sector<n><m><pl>$
^chance<n><sg>$ 0 ^miembro<n><mf><pl>$
^law<n><sg>$ 0 ^legislación<n><f><sg>$
^promote<vblex><pp>$ 0 ^promover<vblex><inf>$
^question<n><sg>$ 0 ^pregunta<n><f><sg>$
